# JRE version: OpenJDK Runtime Environment Microsoft-8902769 (17.0.10+7) (build 17.0.10+7-LTS)
# Java VM: OpenJDK 64-Bit Server VM Microsoft-8902769 (17.0.10+7-LTS, mixed mode, emulated-client, sharing, tiered, compressed oops, compressed class ptrs, g1 gc, windows-amd64)
GC Precious Log:
 CPUs: 8 total, 8 available
 Memory: 7914M
 Large Page Support: Disabled
 NUMA Support: Disabled
 Compressed Oops: Enabled (32-bit)
 Heap Region Size: 1M
 Heap Min Capacity: 8M
 Heap Initial Capacity: 124M
 Heap Max Capacity: 1980M
 Pre-touch: Disabled
 Parallel Workers: 8
 Concurrent Workers: 2
 Concurrent Refinement Workers: 8
 Periodic GC: Disabled
Heap:
 garbage-first heap   total 291840K, used 106889K [0x0000000084400000, 0x0000000100000000)
  region size 1024K, 45 young (46080K), 1 survivors (1024K)
 Metaspace       used 77081K, committed 77824K, reserved 1179648K
  class space    used 11252K, committed 11584K, reserved 1048576K
GC Heap History (20 events):
Event: 14.697 GC heap before
{Heap before GC invocations=18 (full 0):
 garbage-first heap   total 96256K, used 55745K [0x0000000084400000, 0x0000000100000000)
  region size 1024K, 16 young (16384K), 5 survivors (5120K)
 Metaspace       used 76583K, committed 77248K, reserved 1179648K
  class space    used 11133K, committed 11456K, reserved 1048576K
}
Event: 14.699 GC heap after
{Heap after GC invocations=19 (full 0):
 garbage-first heap   total 96256K, used 41375K [0x0000000084400000, 0x0000000100000000)
  region size 1024K, 2 young (2048K), 2 survivors (2048K)
 Metaspace       used 76583K, committed 77248K, reserved 1179648K
  class space    used 11133K, committed 11456K, reserved 1048576K
}
Event: 14.722 GC heap before
{Heap before GC invocations=19 (full 0):
 garbage-first heap   total 96256K, used 47519K [0x0000000084400000, 0x0000000100000000)
  region size 1024K, 8 young (8192K), 2 survivors (2048K)
 Metaspace       used 76583K, committed 77248K, reserved 1179648K
  class space    used 11133K, committed 11456K, reserved 1048576K
}
Event: 14.723 GC heap after
{Heap after GC invocations=20 (full 0):
 garbage-first heap   total 96256K, used 41999K [0x0000000084400000, 0x0000000100000000)
  region size 1024K, 3 young (3072K), 3 survivors (3072K)
 Metaspace       used 76583K, committed 77248K, reserved 1179648K
  class space    used 11133K, committed 11456K, reserved 1048576K
}
Event: 22.228 GC heap before
{Heap before GC invocations=20 (full 0):
 garbage-first heap   total 96256K, used 62479K [0x0000000084400000, 0x0000000100000000)
  region size 1024K, 23 young (23552K), 3 survivors (3072K)
 Metaspace       used 76713K, committed 77376K, reserved 1179648K
  class space    used 11156K, committed 11456K, reserved 1048576K
}
Event: 22.231 GC heap after
{Heap after GC invocations=21 (full 0):
 garbage-first heap   total 96256K, used 45985K [0x0000000084400000, 0x0000000100000000)
  region size 1024K, 4 young (4096K), 4 survivors (4096K)
 Metaspace       used 76713K, committed 77376K, reserved 1179648K
  class space    used 11156K, committed 11456K, reserved 1048576K
}
Event: 22.233 GC heap before
{Heap before GC invocations=21 (full 0):
 garbage-first heap   total 96256K, used 47009K [0x0000000084400000, 0x0000000100000000)
  region size 1024K, 4 young (4096K), 4 survivors (4096K)
 Metaspace       used 76713K, committed 77376K, reserved 1179648K
  class space    used 11156K, committed 11456K, reserved 1048576K
}
Event: 22.235 GC heap after
{Heap after GC invocations=22 (full 0):
 garbage-first heap   total 96256K, used 46526K [0x0000000084400000, 0x0000000100000000)
  region size 1024K, 0 young (0K), 0 survivors (0K)
 Metaspace       used 76713K, committed 77376K, reserved 1179648K
  class space    used 11156K, committed 11456K, reserved 1048576K
}
Event: 22.463 GC heap before
{Heap before GC invocations=23 (full 0):
 garbage-first heap   total 101376K, used 84414K [0x0000000084400000, 0x0000000100000000)
  region size 1024K, 25 young (25600K), 0 survivors (0K)
 Metaspace       used 76736K, committed 77376K, reserved 1179648K
  class space    used 11161K, committed 11456K, reserved 1048576K
}
Event: 22.465 GC heap after
{Heap after GC invocations=24 (full 0):
 garbage-first heap   total 101376K, used 51388K [0x0000000084400000, 0x0000000100000000)
  region size 1024K, 3 young (3072K), 3 survivors (3072K)
 Metaspace       used 76736K, committed 77376K, reserved 1179648K
  class space    used 11161K, committed 11456K, reserved 1048576K
}
Event: 22.511 GC heap before
{Heap before GC invocations=24 (full 0):
 garbage-first heap   total 101376K, used 51388K [0x0000000084400000, 0x0000000100000000)
  region size 1024K, 4 young (4096K), 3 survivors (3072K)
 Metaspace       used 76739K, committed 77376K, reserved 1179648K
  class space    used 11162K, committed 11456K, reserved 1048576K
}
Event: 22.513 GC heap after
{Heap after GC invocations=25 (full 0):
 garbage-first heap   total 121856K, used 51099K [0x0000000084400000, 0x0000000100000000)
  region size 1024K, 1 young (1024K), 1 survivors (1024K)
 Metaspace       used 76739K, committed 77376K, reserved 1179648K
  class space    used 11162K, committed 11456K, reserved 1048576K
}
Event: 22.619 GC heap before
{Heap before GC invocations=25 (full 0):
 garbage-first heap   total 121856K, used 58267K [0x0000000084400000, 0x0000000100000000)
  region size 1024K, 7 young (7168K), 1 survivors (1024K)
 Metaspace       used 76739K, committed 77376K, reserved 1179648K
  class space    used 11162K, committed 11456K, reserved 1048576K
}
Event: 22.621 GC heap after
{Heap after GC invocations=26 (full 0):
 garbage-first heap   total 121856K, used 55591K [0x0000000084400000, 0x0000000100000000)
  region size 1024K, 4 young (4096K), 4 survivors (4096K)
 Metaspace       used 76739K, committed 77376K, reserved 1179648K
  class space    used 11162K, committed 11456K, reserved 1048576K
}
Event: 22.622 GC heap before
{Heap before GC invocations=26 (full 0):
 garbage-first heap   total 121856K, used 56615K [0x0000000084400000, 0x0000000100000000)
  region size 1024K, 5 young (5120K), 4 survivors (4096K)
 Metaspace       used 76739K, committed 77376K, reserved 1179648K
  class space    used 11162K, committed 11456K, reserved 1048576K
}
Event: 22.623 GC heap after
{Heap after GC invocations=27 (full 0):
 garbage-first heap   total 121856K, used 54259K [0x0000000084400000, 0x0000000100000000)
  region size 1024K, 3 young (3072K), 3 survivors (3072K)
 Metaspace       used 76739K, committed 77376K, reserved 1179648K
  class space    used 11162K, committed 11456K, reserved 1048576K
}
Event: 22.633 GC heap before
{Heap before GC invocations=27 (full 0):
 garbage-first heap   total 121856K, used 56307K [0x0000000084400000, 0x0000000100000000)
  region size 1024K, 5 young (5120K), 3 survivors (3072K)
 Metaspace       used 76739K, committed 77376K, reserved 1179648K
  class space    used 11162K, committed 11456K, reserved 1048576K
}
Event: 22.635 GC heap after
{Heap after GC invocations=28 (full 0):
 garbage-first heap   total 121856K, used 55927K [0x0000000084400000, 0x0000000100000000)
  region size 1024K, 4 young (4096K), 4 survivors (4096K)
 Metaspace       used 76739K, committed 77376K, reserved 1179648K
  class space    used 11162K, committed 11456K, reserved 1048576K
}
Event: 22.636 GC heap before
{Heap before GC invocations=28 (full 0):
 garbage-first heap   total 121856K, used 57975K [0x0000000084400000, 0x0000000100000000)
  region size 1024K, 4 young (4096K), 4 survivors (4096K)
 Metaspace       used 76739K, committed 77376K, reserved 1179648K
  class space    used 11162K, committed 11456K, reserved 1048576K
}
Event: 22.640 GC heap after
{Heap after GC invocations=29 (full 0):
 garbage-first heap   total 291840K, used 57737K [0x0000000084400000, 0x0000000100000000)
  region size 1024K, 1 young (1024K), 1 survivors (1024K)
 Metaspace       used 76739K, committed 77376K, reserved 1179648K
  class space    used 11162K, committed 11456K, reserved 1048576K
}

