# JRE version: OpenJDK Runtime Environment Microsoft-8902769 (17.0.10+7) (build 17.0.10+7-LTS)
# Java VM: OpenJDK 64-Bit Server VM Microsoft-8902769 (17.0.10+7-LTS, mixed mode, emulated-client, sharing, tiered, compressed oops, compressed class ptrs, g1 gc, windows-amd64)
GC Precious Log:
 CPUs: 8 total, 8 available
 Memory: 7914M
 Large Page Support: Disabled
 NUMA Support: Disabled
 Compressed Oops: Enabled (32-bit)
 Heap Region Size: 1M
 Heap Min Capacity: 8M
 Heap Initial Capacity: 124M
 Heap Max Capacity: 1980M
 Pre-touch: Disabled
 Parallel Workers: 8
 Concurrent Workers: 2
 Concurrent Refinement Workers: 8
 Periodic GC: Disabled
Heap:
 garbage-first heap   total 157696K, used 39431K [0x0000000084400000, 0x0000000100000000)
  region size 1024K, 1 young (1024K), 1 survivors (1024K)
 Metaspace       used 76276K, committed 76992K, reserved 1179648K
  class space    used 11137K, committed 11456K, reserved 1048576K
GC Heap History (20 events):
Event: 14.895 GC heap after
{Heap after GC invocations=18 (full 0):
 garbage-first heap   total 92160K, used 35268K [0x0000000084400000, 0x0000000100000000)
  region size 1024K, 4 young (4096K), 4 survivors (4096K)
 Metaspace       used 76240K, committed 76864K, reserved 1179648K
  class space    used 11129K, committed 11392K, reserved 1048576K
}
Event: 14.911 GC heap before
{Heap before GC invocations=18 (full 0):
 garbage-first heap   total 92160K, used 43460K [0x0000000084400000, 0x0000000100000000)
  region size 1024K, 5 young (5120K), 4 survivors (4096K)
 Metaspace       used 76240K, committed 76864K, reserved 1179648K
  class space    used 11129K, committed 11392K, reserved 1048576K
}
Event: 14.914 GC heap after
{Heap after GC invocations=19 (full 0):
 garbage-first heap   total 92160K, used 38523K [0x0000000084400000, 0x0000000100000000)
  region size 1024K, 4 young (4096K), 4 survivors (4096K)
 Metaspace       used 76240K, committed 76864K, reserved 1179648K
  class space    used 11129K, committed 11392K, reserved 1048576K
}
Event: 15.166 GC heap before
{Heap before GC invocations=19 (full 0):
 garbage-first heap   total 92160K, used 49787K [0x0000000084400000, 0x0000000100000000)
  region size 1024K, 12 young (12288K), 4 survivors (4096K)
 Metaspace       used 76255K, committed 76864K, reserved 1179648K
  class space    used 11132K, committed 11392K, reserved 1048576K
}
Event: 15.168 GC heap after
{Heap after GC invocations=20 (full 0):
 garbage-first heap   total 92160K, used 36742K [0x0000000084400000, 0x0000000100000000)
  region size 1024K, 2 young (2048K), 2 survivors (2048K)
 Metaspace       used 76255K, committed 76864K, reserved 1179648K
  class space    used 11132K, committed 11392K, reserved 1048576K
}
Event: 15.179 GC heap before
{Heap before GC invocations=20 (full 0):
 garbage-first heap   total 92160K, used 41862K [0x0000000084400000, 0x0000000100000000)
  region size 1024K, 3 young (3072K), 2 survivors (2048K)
 Metaspace       used 76255K, committed 76864K, reserved 1179648K
  class space    used 11132K, committed 11392K, reserved 1048576K
}
Event: 15.181 GC heap after
{Heap after GC invocations=21 (full 0):
 garbage-first heap   total 92160K, used 37754K [0x0000000084400000, 0x0000000100000000)
  region size 1024K, 2 young (2048K), 2 survivors (2048K)
 Metaspace       used 76255K, committed 76864K, reserved 1179648K
  class space    used 11132K, committed 11392K, reserved 1048576K
}
Event: 15.325 GC heap before
{Heap before GC invocations=21 (full 0):
 garbage-first heap   total 92160K, used 49018K [0x0000000084400000, 0x0000000100000000)
  region size 1024K, 10 young (10240K), 2 survivors (2048K)
 Metaspace       used 76271K, committed 76992K, reserved 1179648K
  class space    used 11136K, committed 11456K, reserved 1048576K
}
Event: 15.326 GC heap after
{Heap after GC invocations=22 (full 0):
 garbage-first heap   total 92160K, used 36680K [0x0000000084400000, 0x0000000100000000)
  region size 1024K, 2 young (2048K), 2 survivors (2048K)
 Metaspace       used 76271K, committed 76992K, reserved 1179648K
  class space    used 11136K, committed 11456K, reserved 1048576K
}
Event: 15.338 GC heap before
{Heap before GC invocations=22 (full 0):
 garbage-first heap   total 92160K, used 41800K [0x0000000084400000, 0x0000000100000000)
  region size 1024K, 3 young (3072K), 2 survivors (2048K)
 Metaspace       used 76271K, committed 76992K, reserved 1179648K
  class space    used 11136K, committed 11456K, reserved 1048576K
}
Event: 16.355 GC heap after
{Heap after GC invocations=23 (full 0):
 garbage-first heap   total 157696K, used 37775K [0x0000000084400000, 0x0000000100000000)
  region size 1024K, 2 young (2048K), 2 survivors (2048K)
 Metaspace       used 76271K, committed 76992K, reserved 1179648K
  class space    used 11136K, committed 11456K, reserved 1048576K
}
Event: 16.454 GC heap before
{Heap before GC invocations=23 (full 0):
 garbage-first heap   total 157696K, used 43919K [0x0000000084400000, 0x0000000100000000)
  region size 1024K, 7 young (7168K), 2 survivors (2048K)
 Metaspace       used 76271K, committed 76992K, reserved 1179648K
  class space    used 11136K, committed 11456K, reserved 1048576K
}
Event: 16.456 GC heap after
{Heap after GC invocations=24 (full 0):
 garbage-first heap   total 157696K, used 33689K [0x0000000084400000, 0x0000000100000000)
  region size 1024K, 1 young (1024K), 1 survivors (1024K)
 Metaspace       used 76271K, committed 76992K, reserved 1179648K
  class space    used 11136K, committed 11456K, reserved 1048576K
}
Event: 16.506 GC heap before
{Heap before GC invocations=24 (full 0):
 garbage-first heap   total 157696K, used 49049K [0x0000000084400000, 0x0000000100000000)
  region size 1024K, 7 young (7168K), 1 survivors (1024K)
 Metaspace       used 76271K, committed 76992K, reserved 1179648K
  class space    used 11136K, committed 11456K, reserved 1048576K
}
Event: 16.507 GC heap after
{Heap after GC invocations=25 (full 0):
 garbage-first heap   total 157696K, used 35814K [0x0000000084400000, 0x0000000100000000)
  region size 1024K, 1 young (1024K), 1 survivors (1024K)
 Metaspace       used 76271K, committed 76992K, reserved 1179648K
  class space    used 11136K, committed 11456K, reserved 1048576K
}
Event: 21.562 GC heap before
{Heap before GC invocations=25 (full 0):
 garbage-first heap   total 157696K, used 40934K [0x0000000084400000, 0x0000000100000000)
  region size 1024K, 7 young (7168K), 1 survivors (1024K)
 Metaspace       used 76276K, committed 76992K, reserved 1179648K
  class space    used 11137K, committed 11456K, reserved 1048576K
}
Event: 21.563 GC heap after
{Heap after GC invocations=26 (full 0):
 garbage-first heap   total 157696K, used 37049K [0x0000000084400000, 0x0000000100000000)
  region size 1024K, 1 young (1024K), 1 survivors (1024K)
 Metaspace       used 76276K, committed 76992K, reserved 1179648K
  class space    used 11137K, committed 11456K, reserved 1048576K
}
Event: 21.644 GC heap before
{Heap before GC invocations=26 (full 0):
 garbage-first heap   total 157696K, used 52409K [0x0000000084400000, 0x0000000100000000)
  region size 1024K, 7 young (7168K), 1 survivors (1024K)
 Metaspace       used 76276K, committed 76992K, reserved 1179648K
  class space    used 11137K, committed 11456K, reserved 1048576K
}
Event: 21.645 GC heap after
{Heap after GC invocations=27 (full 0):
 garbage-first heap   total 157696K, used 36826K [0x0000000084400000, 0x0000000100000000)
  region size 1024K, 1 young (1024K), 1 survivors (1024K)
 Metaspace       used 76276K, committed 76992K, reserved 1179648K
  class space    used 11137K, committed 11456K, reserved 1048576K
}
Event: 21.712 GC heap before
{Heap before GC invocations=27 (full 0):
 garbage-first heap   total 157696K, used 52186K [0x0000000084400000, 0x0000000100000000)
  region size 1024K, 7 young (7168K), 1 survivors (1024K)
 Metaspace       used 76276K, committed 76992K, reserved 1179648K
  class space    used 11137K, committed 11456K, reserved 1048576K
}

